---------------------------------------------------------------
[ 2019-06-26T23:50:49+08:00 ] 127.0.0.1 GET 127.0.0.1/blog/public/
[运行时间：0.083279s] [吞吐率：12.01req/s] [内存消耗：1,445.02kb] [文件加载：40]
[ info ] [ LANG ] C:\xampp\htdocs\blog\thinkphp\lang\zh-cn.php
[ info ] [ ROUTE ] array (
  'type' => 'module',
  'module' => 
  array (
    0 => '',
    1 => NULL,
    2 => NULL,
  ),
)
[ info ] [ HEADER ] array (
  'host' => '127.0.0.1',
  'connection' => 'keep-alive',
  'upgrade-insecure-requests' => '1',
  'user-agent' => 'Mozilla/5.0 (Windows NT 10.0; Win64; x64) AppleWebKit/537.36 (KHTML, like Gecko) Chrome/75.0.3770.80 Safari/537.36',
  'accept' => 'text/html,application/xhtml+xml,application/xml;q=0.9,image/webp,image/apng,*/*;q=0.8,application/signed-exchange;v=b3',
  'referer' => 'http://127.0.0.1/blog/',
  'accept-encoding' => 'gzip, deflate, br',
  'accept-language' => 'zh-CN,zh;q=0.9,en;q=0.8',
)
[ info ] [ PARAM ] array (
)
[ info ] [ RUN ] app\index\controller\Index->index[ C:\xampp\htdocs\blog\application\index\controller\Index.php ]
[ info ] [ VIEW ] C:\xampp\htdocs\blog\public/../application/index\view\index\index.html [ array (
) ]
[ info ] [ LOG ] INIT File
---------------------------------------------------------------
[ 2019-06-26T23:50:58+08:00 ] 127.0.0.1 GET 127.0.0.1/blog/public/admin
[运行时间：0.052507s] [吞吐率：19.05req/s] [内存消耗：1,257.20kb] [文件加载：35]
[ info ] [ LANG ] C:\xampp\htdocs\blog\thinkphp\lang\zh-cn.php
[ info ] [ ROUTE ] array (
  'type' => 'module',
  'module' => 
  array (
    0 => 'admin',
    1 => NULL,
    2 => NULL,
  ),
)
[ info ] [ HEADER ] array (
  'host' => '127.0.0.1',
  'connection' => 'keep-alive',
  'upgrade-insecure-requests' => '1',
  'user-agent' => 'Mozilla/5.0 (Windows NT 10.0; Win64; x64) AppleWebKit/537.36 (KHTML, like Gecko) Chrome/75.0.3770.80 Safari/537.36',
  'accept' => 'text/html,application/xhtml+xml,application/xml;q=0.9,image/webp,image/apng,*/*;q=0.8,application/signed-exchange;v=b3',
  'accept-encoding' => 'gzip, deflate, br',
  'accept-language' => 'zh-CN,zh;q=0.9,en;q=0.8',
  'cookie' => 'thinkphp_show_page_trace=0|0',
)
[ info ] [ PARAM ] array (
)
[ info ] [ SESSION ] INIT array (
  'id' => '',
  'var_session_id' => '',
  'prefix' => 'think',
  'type' => '',
  'auto_start' => true,
)
[ info ] [ LOG ] INIT File
---------------------------------------------------------------
[ 2019-06-26T23:50:58+08:00 ] 127.0.0.1 GET 127.0.0.1/blog/public/admin/login/index.html
[运行时间：0.057033s] [吞吐率：17.53req/s] [内存消耗：1,777.66kb] [文件加载：44]
[ info ] [ LANG ] C:\xampp\htdocs\blog\thinkphp\lang\zh-cn.php
[ info ] [ ROUTE ] array (
  'type' => 'module',
  'module' => 
  array (
    0 => 'admin',
    1 => 'login',
    2 => 'index',
  ),
)
[ info ] [ HEADER ] array (
  'host' => '127.0.0.1',
  'connection' => 'keep-alive',
  'upgrade-insecure-requests' => '1',
  'user-agent' => 'Mozilla/5.0 (Windows NT 10.0; Win64; x64) AppleWebKit/537.36 (KHTML, like Gecko) Chrome/75.0.3770.80 Safari/537.36',
  'accept' => 'text/html,application/xhtml+xml,application/xml;q=0.9,image/webp,image/apng,*/*;q=0.8,application/signed-exchange;v=b3',
  'accept-encoding' => 'gzip, deflate, br',
  'accept-language' => 'zh-CN,zh;q=0.9,en;q=0.8',
  'cookie' => 'thinkphp_show_page_trace=0|0; PHPSESSID=cnhar1lok509egse651kfvlc1b',
)
[ info ] [ PARAM ] array (
)
[ info ] [ RUN ] app\admin\controller\login->index[ C:\xampp\htdocs\blog\application\admin\controller\Login.php ]
[ info ] [ VIEW ] C:\xampp\htdocs\blog\public/../application/admin\view\login\index.html [ array (
) ]
[ info ] [ LOG ] INIT File
---------------------------------------------------------------
[ 2019-06-26T23:51:15+08:00 ] 127.0.0.1 POST 127.0.0.1/blog/public/admin/login/login.html
[运行时间：0.091662s] [吞吐率：10.91req/s] [内存消耗：2,233.02kb] [文件加载：43]
[ info ] [ LANG ] C:\xampp\htdocs\blog\thinkphp\lang\zh-cn.php
[ info ] [ ROUTE ] array (
  'type' => 'module',
  'module' => 
  array (
    0 => 'admin',
    1 => 'login',
    2 => 'login',
  ),
)
[ info ] [ HEADER ] array (
  'host' => '127.0.0.1',
  'connection' => 'keep-alive',
  'content-length' => '35',
  'accept' => '*/*',
  'origin' => 'http://127.0.0.1',
  'x-requested-with' => 'XMLHttpRequest',
  'user-agent' => 'Mozilla/5.0 (Windows NT 10.0; Win64; x64) AppleWebKit/537.36 (KHTML, like Gecko) Chrome/75.0.3770.80 Safari/537.36',
  'content-type' => 'application/x-www-form-urlencoded; charset=UTF-8',
  'referer' => 'http://127.0.0.1/blog/public/admin/login/index.html',
  'accept-encoding' => 'gzip, deflate, br',
  'accept-language' => 'zh-CN,zh;q=0.9,en;q=0.8',
  'cookie' => 'thinkphp_show_page_trace=0|0; thinkphp_show_page_trace=0|0; PHPSESSID=cnhar1lok509egse651kfvlc1b',
)
[ info ] [ PARAM ] array (
  'id' => '1',
  'loginname' => 'admin',
  'password' => 'admin',
)
[ info ] [ RUN ] app\admin\controller\login->login[ C:\xampp\htdocs\blog\application\admin\controller\Login.php ]
[ info ] [ DB ] INIT mysql
[ info ] [ LOG ] INIT File
[ sql ] [ DB ] CONNECT:[ UseTime:0.006215s ] mysql:host=127.0.0.1;port=3306;dbname=blog;charset=utf8
[ sql ] [ SQL ] SHOW COLUMNS FROM `user_admin` [ RunTime:0.030696s ]
[ sql ] [ SQL ] SELECT `password`,`loginname` FROM `user_admin` WHERE  `id` = 1 LIMIT 1 [ RunTime:0.004198s ]
---------------------------------------------------------------
[ 2019-06-26T23:51:36+08:00 ] 127.0.0.1 POST 127.0.0.1/blog/public/admin/login/login.html
[运行时间：0.047457s] [吞吐率：21.07req/s] [内存消耗：2,234.88kb] [文件加载：43]
[ info ] [ LANG ] C:\xampp\htdocs\blog\thinkphp\lang\zh-cn.php
[ info ] [ ROUTE ] array (
  'type' => 'module',
  'module' => 
  array (
    0 => 'admin',
    1 => 'login',
    2 => 'login',
  ),
)
[ info ] [ HEADER ] array (
  'host' => '127.0.0.1',
  'connection' => 'keep-alive',
  'content-length' => '36',
  'accept' => '*/*',
  'origin' => 'http://127.0.0.1',
  'x-requested-with' => 'XMLHttpRequest',
  'user-agent' => 'Mozilla/5.0 (Windows NT 10.0; Win64; x64) AppleWebKit/537.36 (KHTML, like Gecko) Chrome/75.0.3770.80 Safari/537.36',
  'content-type' => 'application/x-www-form-urlencoded; charset=UTF-8',
  'referer' => 'http://127.0.0.1/blog/public/admin/login/index.html',
  'accept-encoding' => 'gzip, deflate, br',
  'accept-language' => 'zh-CN,zh;q=0.9,en;q=0.8',
  'cookie' => 'thinkphp_show_page_trace=0|0; thinkphp_show_page_trace=0|0; PHPSESSID=cnhar1lok509egse651kfvlc1b',
)
[ info ] [ PARAM ] array (
  'id' => '1',
  'loginname' => 'admin',
  'password' => '123456',
)
[ info ] [ RUN ] app\admin\controller\login->login[ C:\xampp\htdocs\blog\application\admin\controller\Login.php ]
[ info ] [ DB ] INIT mysql
[ info ] [ SESSION ] INIT array (
  'id' => '',
  'var_session_id' => '',
  'prefix' => 'think',
  'type' => '',
  'auto_start' => true,
)
[ info ] [ LOG ] INIT File
[ sql ] [ DB ] CONNECT:[ UseTime:0.000761s ] mysql:host=127.0.0.1;port=3306;dbname=blog;charset=utf8
[ sql ] [ SQL ] SHOW COLUMNS FROM `user_admin` [ RunTime:0.009109s ]
[ sql ] [ SQL ] SELECT `password`,`loginname` FROM `user_admin` WHERE  `id` = 1 LIMIT 1 [ RunTime:0.000552s ]
---------------------------------------------------------------
[ 2019-06-26T23:51:37+08:00 ] 127.0.0.1 GET 127.0.0.1/blog/public/admin/index/index.html
[运行时间：0.039517s] [吞吐率：25.31req/s] [内存消耗：1,605.73kb] [文件加载：42]
[ info ] [ LANG ] C:\xampp\htdocs\blog\thinkphp\lang\zh-cn.php
[ info ] [ ROUTE ] array (
  'type' => 'module',
  'module' => 
  array (
    0 => 'admin',
    1 => 'index',
    2 => 'index',
  ),
)
[ info ] [ HEADER ] array (
  'host' => '127.0.0.1',
  'connection' => 'keep-alive',
  'upgrade-insecure-requests' => '1',
  'user-agent' => 'Mozilla/5.0 (Windows NT 10.0; Win64; x64) AppleWebKit/537.36 (KHTML, like Gecko) Chrome/75.0.3770.80 Safari/537.36',
  'accept' => 'text/html,application/xhtml+xml,application/xml;q=0.9,image/webp,image/apng,*/*;q=0.8,application/signed-exchange;v=b3',
  'referer' => 'http://127.0.0.1/blog/public/admin/login/index.html',
  'accept-encoding' => 'gzip, deflate, br',
  'accept-language' => 'zh-CN,zh;q=0.9,en;q=0.8',
  'cookie' => 'thinkphp_show_page_trace=0|0; PHPSESSID=cnhar1lok509egse651kfvlc1b',
)
[ info ] [ PARAM ] array (
)
[ info ] [ SESSION ] INIT array (
  'id' => '',
  'var_session_id' => '',
  'prefix' => 'think',
  'type' => '',
  'auto_start' => true,
)
[ info ] [ RUN ] app\admin\controller\Index->index[ C:\xampp\htdocs\blog\application\admin\controller\Index.php ]
[ info ] [ VIEW ] C:\xampp\htdocs\blog\public/../application/admin\view\index\index.html [ array (
) ]
[ info ] [ LOG ] INIT File
---------------------------------------------------------------
[ 2019-06-26T23:51:37+08:00 ] 127.0.0.1 GET 127.0.0.1/blog/public/admin/index/console.html
[运行时间：0.045812s] [吞吐率：21.83req/s] [内存消耗：1,611.51kb] [文件加载：42]
[ info ] [ LANG ] C:\xampp\htdocs\blog\thinkphp\lang\zh-cn.php
[ info ] [ ROUTE ] array (
  'type' => 'module',
  'module' => 
  array (
    0 => 'admin',
    1 => 'index',
    2 => 'console',
  ),
)
[ info ] [ HEADER ] array (
  'host' => '127.0.0.1',
  'connection' => 'keep-alive',
  'upgrade-insecure-requests' => '1',
  'user-agent' => 'Mozilla/5.0 (Windows NT 10.0; Win64; x64) AppleWebKit/537.36 (KHTML, like Gecko) Chrome/75.0.3770.80 Safari/537.36',
  'accept' => 'text/html,application/xhtml+xml,application/xml;q=0.9,image/webp,image/apng,*/*;q=0.8,application/signed-exchange;v=b3',
  'referer' => 'http://127.0.0.1/blog/public/admin/index/index.html',
  'accept-encoding' => 'gzip, deflate, br',
  'accept-language' => 'zh-CN,zh;q=0.9,en;q=0.8',
  'cookie' => 'thinkphp_show_page_trace=0|0; PHPSESSID=cnhar1lok509egse651kfvlc1b',
)
[ info ] [ PARAM ] array (
)
[ info ] [ SESSION ] INIT array (
  'id' => '',
  'var_session_id' => '',
  'prefix' => 'think',
  'type' => '',
  'auto_start' => true,
)
[ info ] [ RUN ] app\admin\controller\Index->console[ C:\xampp\htdocs\blog\application\admin\controller\Index.php ]
[ info ] [ VIEW ] C:\xampp\htdocs\blog\public/../application/admin\view\index\console.html [ array (
) ]
[ info ] [ LOG ] INIT File
---------------------------------------------------------------
[ 2019-06-26T23:51:41+08:00 ] 127.0.0.1 GET 127.0.0.1/blog/public/admin/index/content_list.html
[运行时间：0.044107s] [吞吐率：22.67req/s] [内存消耗：1,607.35kb] [文件加载：42]
[ info ] [ LANG ] C:\xampp\htdocs\blog\thinkphp\lang\zh-cn.php
[ info ] [ ROUTE ] array (
  'type' => 'module',
  'module' => 
  array (
    0 => 'admin',
    1 => 'index',
    2 => 'content_list',
  ),
)
[ info ] [ HEADER ] array (
  'host' => '127.0.0.1',
  'connection' => 'keep-alive',
  'upgrade-insecure-requests' => '1',
  'user-agent' => 'Mozilla/5.0 (Windows NT 10.0; Win64; x64) AppleWebKit/537.36 (KHTML, like Gecko) Chrome/75.0.3770.80 Safari/537.36',
  'accept' => 'text/html,application/xhtml+xml,application/xml;q=0.9,image/webp,image/apng,*/*;q=0.8,application/signed-exchange;v=b3',
  'referer' => 'http://127.0.0.1/blog/public/admin/index/index.html',
  'accept-encoding' => 'gzip, deflate, br',
  'accept-language' => 'zh-CN,zh;q=0.9,en;q=0.8',
  'cookie' => 'thinkphp_show_page_trace=0|0; thinkphp_show_page_trace=0|0; PHPSESSID=cnhar1lok509egse651kfvlc1b',
)
[ info ] [ PARAM ] array (
)
[ info ] [ SESSION ] INIT array (
  'id' => '',
  'var_session_id' => '',
  'prefix' => 'think',
  'type' => '',
  'auto_start' => true,
)
[ info ] [ RUN ] app\admin\controller\Index->content_list[ C:\xampp\htdocs\blog\application\admin\controller\Index.php ]
[ info ] [ VIEW ] C:\xampp\htdocs\blog\public/../application/admin\view\index\content_list.html [ array (
) ]
[ info ] [ LOG ] INIT File
---------------------------------------------------------------
[ 2019-06-26T23:51:41+08:00 ] 127.0.0.1 GET 127.0.0.1/blog/public/admin/index/get_content_list.html?page=1&limit=10
[运行时间：0.057997s] [吞吐率：17.24req/s] [内存消耗：2,064.98kb] [文件加载：40]
[ info ] [ LANG ] C:\xampp\htdocs\blog\thinkphp\lang\zh-cn.php
[ info ] [ ROUTE ] array (
  'type' => 'module',
  'module' => 
  array (
    0 => 'admin',
    1 => 'index',
    2 => 'get_content_list',
  ),
)
[ info ] [ HEADER ] array (
  'host' => '127.0.0.1',
  'connection' => 'keep-alive',
  'accept' => 'application/json, text/javascript, */*; q=0.01',
  'x-requested-with' => 'XMLHttpRequest',
  'user-agent' => 'Mozilla/5.0 (Windows NT 10.0; Win64; x64) AppleWebKit/537.36 (KHTML, like Gecko) Chrome/75.0.3770.80 Safari/537.36',
  'referer' => 'http://127.0.0.1/blog/public/admin/index/content_list.html',
  'accept-encoding' => 'gzip, deflate, br',
  'accept-language' => 'zh-CN,zh;q=0.9,en;q=0.8',
  'cookie' => 'thinkphp_show_page_trace=0|0; thinkphp_show_page_trace=0|0; PHPSESSID=cnhar1lok509egse651kfvlc1b',
)
[ info ] [ PARAM ] array (
  'page' => '1',
  'limit' => '10',
)
[ info ] [ SESSION ] INIT array (
  'id' => '',
  'var_session_id' => '',
  'prefix' => 'think',
  'type' => '',
  'auto_start' => true,
)
[ info ] [ RUN ] app\admin\controller\Index->get_content_list[ C:\xampp\htdocs\blog\application\admin\controller\Index.php ]
[ info ] [ DB ] INIT mysql
[ info ] [ LOG ] INIT File
[ sql ] [ DB ] CONNECT:[ UseTime:0.000796s ] mysql:host=127.0.0.1;port=3306;dbname=blog;charset=utf8
[ sql ] [ SQL ] SHOW COLUMNS FROM `contents` [ RunTime:0.014068s ]
[ sql ] [ SQL ] SELECT COUNT(*) AS tp_count FROM `contents` LIMIT 1 [ RunTime:0.001876s ]
[ sql ] [ SQL ] SELECT * FROM `contents` [ RunTime:0.000399s ]
---------------------------------------------------------------
[ 2019-06-26T23:51:43+08:00 ] 127.0.0.1 GET 127.0.0.1/blog/public/admin/index/content_tags.html
[运行时间：0.034615s] [吞吐率：28.89req/s] [内存消耗：1,602.73kb] [文件加载：42]
[ info ] [ LANG ] C:\xampp\htdocs\blog\thinkphp\lang\zh-cn.php
[ info ] [ ROUTE ] array (
  'type' => 'module',
  'module' => 
  array (
    0 => 'admin',
    1 => 'index',
    2 => 'content_tags',
  ),
)
[ info ] [ HEADER ] array (
  'host' => '127.0.0.1',
  'connection' => 'keep-alive',
  'upgrade-insecure-requests' => '1',
  'user-agent' => 'Mozilla/5.0 (Windows NT 10.0; Win64; x64) AppleWebKit/537.36 (KHTML, like Gecko) Chrome/75.0.3770.80 Safari/537.36',
  'accept' => 'text/html,application/xhtml+xml,application/xml;q=0.9,image/webp,image/apng,*/*;q=0.8,application/signed-exchange;v=b3',
  'referer' => 'http://127.0.0.1/blog/public/admin/index/index.html',
  'accept-encoding' => 'gzip, deflate, br',
  'accept-language' => 'zh-CN,zh;q=0.9,en;q=0.8',
  'cookie' => 'thinkphp_show_page_trace=0|0; thinkphp_show_page_trace=0|0; PHPSESSID=cnhar1lok509egse651kfvlc1b',
)
[ info ] [ PARAM ] array (
)
[ info ] [ SESSION ] INIT array (
  'id' => '',
  'var_session_id' => '',
  'prefix' => 'think',
  'type' => '',
  'auto_start' => true,
)
[ info ] [ RUN ] app\admin\controller\Index->content_tags[ C:\xampp\htdocs\blog\application\admin\controller\Index.php ]
[ info ] [ VIEW ] C:\xampp\htdocs\blog\public/../application/admin\view\index\content_tags.html [ array (
) ]
[ info ] [ LOG ] INIT File
---------------------------------------------------------------
[ 2019-06-26T23:51:43+08:00 ] 127.0.0.1 GET 127.0.0.1/blog/public/admin/index/get_content_tags.html?page=1&limit=10
[运行时间：0.058613s] [吞吐率：17.06req/s] [内存消耗：2,063.17kb] [文件加载：40]
[ info ] [ LANG ] C:\xampp\htdocs\blog\thinkphp\lang\zh-cn.php
[ info ] [ ROUTE ] array (
  'type' => 'module',
  'module' => 
  array (
    0 => 'admin',
    1 => 'index',
    2 => 'get_content_tags',
  ),
)
[ info ] [ HEADER ] array (
  'host' => '127.0.0.1',
  'connection' => 'keep-alive',
  'accept' => 'application/json, text/javascript, */*; q=0.01',
  'x-requested-with' => 'XMLHttpRequest',
  'user-agent' => 'Mozilla/5.0 (Windows NT 10.0; Win64; x64) AppleWebKit/537.36 (KHTML, like Gecko) Chrome/75.0.3770.80 Safari/537.36',
  'referer' => 'http://127.0.0.1/blog/public/admin/index/content_tags.html',
  'accept-encoding' => 'gzip, deflate, br',
  'accept-language' => 'zh-CN,zh;q=0.9,en;q=0.8',
  'cookie' => 'thinkphp_show_page_trace=0|0; thinkphp_show_page_trace=0|0; PHPSESSID=cnhar1lok509egse651kfvlc1b',
)
[ info ] [ PARAM ] array (
  'page' => '1',
  'limit' => '10',
)
[ info ] [ SESSION ] INIT array (
  'id' => '',
  'var_session_id' => '',
  'prefix' => 'think',
  'type' => '',
  'auto_start' => true,
)
[ info ] [ RUN ] app\admin\controller\Index->get_content_tags[ C:\xampp\htdocs\blog\application\admin\controller\Index.php ]
[ info ] [ DB ] INIT mysql
[ info ] [ LOG ] INIT File
[ sql ] [ DB ] CONNECT:[ UseTime:0.001520s ] mysql:host=127.0.0.1;port=3306;dbname=blog;charset=utf8
[ sql ] [ SQL ] SHOW COLUMNS FROM `tags` [ RunTime:0.012537s ]
[ sql ] [ SQL ] SELECT COUNT(*) AS tp_count FROM `tags` LIMIT 1 [ RunTime:0.000467s ]
[ sql ] [ SQL ] SELECT * FROM `tags` [ RunTime:0.000336s ]
---------------------------------------------------------------
[ 2019-06-26T23:51:43+08:00 ] 127.0.0.1 GET 127.0.0.1/blog/public/admin/index/comment_list.html
[运行时间：0.039140s] [吞吐率：25.55req/s] [内存消耗：1,603.55kb] [文件加载：42]
[ info ] [ LANG ] C:\xampp\htdocs\blog\thinkphp\lang\zh-cn.php
[ info ] [ ROUTE ] array (
  'type' => 'module',
  'module' => 
  array (
    0 => 'admin',
    1 => 'index',
    2 => 'comment_list',
  ),
)
[ info ] [ HEADER ] array (
  'host' => '127.0.0.1',
  'connection' => 'keep-alive',
  'upgrade-insecure-requests' => '1',
  'user-agent' => 'Mozilla/5.0 (Windows NT 10.0; Win64; x64) AppleWebKit/537.36 (KHTML, like Gecko) Chrome/75.0.3770.80 Safari/537.36',
  'accept' => 'text/html,application/xhtml+xml,application/xml;q=0.9,image/webp,image/apng,*/*;q=0.8,application/signed-exchange;v=b3',
  'referer' => 'http://127.0.0.1/blog/public/admin/index/index.html',
  'accept-encoding' => 'gzip, deflate, br',
  'accept-language' => 'zh-CN,zh;q=0.9,en;q=0.8',
  'cookie' => 'thinkphp_show_page_trace=0|0; thinkphp_show_page_trace=0|0; PHPSESSID=cnhar1lok509egse651kfvlc1b',
)
[ info ] [ PARAM ] array (
)
[ info ] [ SESSION ] INIT array (
  'id' => '',
  'var_session_id' => '',
  'prefix' => 'think',
  'type' => '',
  'auto_start' => true,
)
[ info ] [ RUN ] app\admin\controller\Index->comment_list[ C:\xampp\htdocs\blog\application\admin\controller\Index.php ]
[ info ] [ VIEW ] C:\xampp\htdocs\blog\public/../application/admin\view\index\comment_list.html [ array (
) ]
[ info ] [ LOG ] INIT File
---------------------------------------------------------------
[ 2019-06-26T23:51:44+08:00 ] 127.0.0.1 GET 127.0.0.1/blog/public/admin/index/get_comment.html?page=1&limit=10
[运行时间：0.053930s] [吞吐率：18.54req/s] [内存消耗：2,063.74kb] [文件加载：40]
[ info ] [ LANG ] C:\xampp\htdocs\blog\thinkphp\lang\zh-cn.php
[ info ] [ ROUTE ] array (
  'type' => 'module',
  'module' => 
  array (
    0 => 'admin',
    1 => 'index',
    2 => 'get_comment',
  ),
)
[ info ] [ HEADER ] array (
  'host' => '127.0.0.1',
  'connection' => 'keep-alive',
  'accept' => 'application/json, text/javascript, */*; q=0.01',
  'x-requested-with' => 'XMLHttpRequest',
  'user-agent' => 'Mozilla/5.0 (Windows NT 10.0; Win64; x64) AppleWebKit/537.36 (KHTML, like Gecko) Chrome/75.0.3770.80 Safari/537.36',
  'referer' => 'http://127.0.0.1/blog/public/admin/index/comment_list.html',
  'accept-encoding' => 'gzip, deflate, br',
  'accept-language' => 'zh-CN,zh;q=0.9,en;q=0.8',
  'cookie' => 'thinkphp_show_page_trace=0|0; thinkphp_show_page_trace=0|0; PHPSESSID=cnhar1lok509egse651kfvlc1b',
)
[ info ] [ PARAM ] array (
  'page' => '1',
  'limit' => '10',
)
[ info ] [ SESSION ] INIT array (
  'id' => '',
  'var_session_id' => '',
  'prefix' => 'think',
  'type' => '',
  'auto_start' => true,
)
[ info ] [ RUN ] app\admin\controller\Index->get_comment[ C:\xampp\htdocs\blog\application\admin\controller\Index.php ]
[ info ] [ DB ] INIT mysql
[ info ] [ LOG ] INIT File
[ sql ] [ DB ] CONNECT:[ UseTime:0.000888s ] mysql:host=127.0.0.1;port=3306;dbname=blog;charset=utf8
[ sql ] [ SQL ] SHOW COLUMNS FROM `comments` [ RunTime:0.011936s ]
[ sql ] [ SQL ] SELECT COUNT(*) AS tp_count FROM `comments` LIMIT 1 [ RunTime:0.000406s ]
[ sql ] [ SQL ] SELECT * FROM `comments` [ RunTime:0.000338s ]
---------------------------------------------------------------
[ 2019-06-26T23:51:45+08:00 ] 127.0.0.1 GET 127.0.0.1/blog/public/admin/index/user_list.html
[运行时间：0.040232s] [吞吐率：24.86req/s] [内存消耗：1,606.50kb] [文件加载：42]
[ info ] [ LANG ] C:\xampp\htdocs\blog\thinkphp\lang\zh-cn.php
[ info ] [ ROUTE ] array (
  'type' => 'module',
  'module' => 
  array (
    0 => 'admin',
    1 => 'index',
    2 => 'user_list',
  ),
)
[ info ] [ HEADER ] array (
  'host' => '127.0.0.1',
  'connection' => 'keep-alive',
  'upgrade-insecure-requests' => '1',
  'user-agent' => 'Mozilla/5.0 (Windows NT 10.0; Win64; x64) AppleWebKit/537.36 (KHTML, like Gecko) Chrome/75.0.3770.80 Safari/537.36',
  'accept' => 'text/html,application/xhtml+xml,application/xml;q=0.9,image/webp,image/apng,*/*;q=0.8,application/signed-exchange;v=b3',
  'referer' => 'http://127.0.0.1/blog/public/admin/index/index.html',
  'accept-encoding' => 'gzip, deflate, br',
  'accept-language' => 'zh-CN,zh;q=0.9,en;q=0.8',
  'cookie' => 'thinkphp_show_page_trace=0|0; thinkphp_show_page_trace=0|0; PHPSESSID=cnhar1lok509egse651kfvlc1b',
)
[ info ] [ PARAM ] array (
)
[ info ] [ SESSION ] INIT array (
  'id' => '',
  'var_session_id' => '',
  'prefix' => 'think',
  'type' => '',
  'auto_start' => true,
)
[ info ] [ RUN ] app\admin\controller\Index->user_list[ C:\xampp\htdocs\blog\application\admin\controller\Index.php ]
[ info ] [ VIEW ] C:\xampp\htdocs\blog\public/../application/admin\view\index\user_list.html [ array (
) ]
[ info ] [ LOG ] INIT File
---------------------------------------------------------------
[ 2019-06-26T23:51:46+08:00 ] 127.0.0.1 GET 127.0.0.1/blog/public/admin/index/get_user_list.html?page=1&limit=10
[运行时间：0.067306s] [吞吐率：14.86req/s] [内存消耗：2,064.09kb] [文件加载：40]
[ info ] [ LANG ] C:\xampp\htdocs\blog\thinkphp\lang\zh-cn.php
[ info ] [ ROUTE ] array (
  'type' => 'module',
  'module' => 
  array (
    0 => 'admin',
    1 => 'index',
    2 => 'get_user_list',
  ),
)
[ info ] [ HEADER ] array (
  'host' => '127.0.0.1',
  'connection' => 'keep-alive',
  'accept' => 'application/json, text/javascript, */*; q=0.01',
  'x-requested-with' => 'XMLHttpRequest',
  'user-agent' => 'Mozilla/5.0 (Windows NT 10.0; Win64; x64) AppleWebKit/537.36 (KHTML, like Gecko) Chrome/75.0.3770.80 Safari/537.36',
  'referer' => 'http://127.0.0.1/blog/public/admin/index/user_list.html',
  'accept-encoding' => 'gzip, deflate, br',
  'accept-language' => 'zh-CN,zh;q=0.9,en;q=0.8',
  'cookie' => 'thinkphp_show_page_trace=0|0; thinkphp_show_page_trace=0|0; PHPSESSID=cnhar1lok509egse651kfvlc1b',
)
[ info ] [ PARAM ] array (
  'page' => '1',
  'limit' => '10',
)
[ info ] [ SESSION ] INIT array (
  'id' => '',
  'var_session_id' => '',
  'prefix' => 'think',
  'type' => '',
  'auto_start' => true,
)
[ info ] [ RUN ] app\admin\controller\Index->get_user_list[ C:\xampp\htdocs\blog\application\admin\controller\Index.php ]
[ info ] [ DB ] INIT mysql
[ info ] [ LOG ] INIT File
[ sql ] [ DB ] CONNECT:[ UseTime:0.003397s ] mysql:host=127.0.0.1;port=3306;dbname=blog;charset=utf8
[ sql ] [ SQL ] SHOW COLUMNS FROM `user_web` [ RunTime:0.012790s ]
[ sql ] [ SQL ] SELECT COUNT(*) AS tp_count FROM `user_web` LIMIT 1 [ RunTime:0.000461s ]
[ sql ] [ SQL ] SELECT * FROM `user_web` [ RunTime:0.000341s ]
---------------------------------------------------------------
[ 2019-06-26T23:52:05+08:00 ] 127.0.0.1 GET 127.0.0.1/blog/public/admin/index/userform?id=1
[运行时间：0.045155s] [吞吐率：22.15req/s] [内存消耗：1,605.30kb] [文件加载：42]
[ info ] [ LANG ] C:\xampp\htdocs\blog\thinkphp\lang\zh-cn.php
[ info ] [ ROUTE ] array (
  'type' => 'module',
  'module' => 
  array (
    0 => 'admin',
    1 => 'index',
    2 => 'userform',
  ),
)
[ info ] [ HEADER ] array (
  'host' => '127.0.0.1',
  'connection' => 'keep-alive',
  'upgrade-insecure-requests' => '1',
  'user-agent' => 'Mozilla/5.0 (Windows NT 10.0; Win64; x64) AppleWebKit/537.36 (KHTML, like Gecko) Chrome/75.0.3770.80 Safari/537.36',
  'accept' => 'text/html,application/xhtml+xml,application/xml;q=0.9,image/webp,image/apng,*/*;q=0.8,application/signed-exchange;v=b3',
  'referer' => 'http://127.0.0.1/blog/public/admin/index/user_list.html',
  'accept-encoding' => 'gzip, deflate, br',
  'accept-language' => 'zh-CN,zh;q=0.9,en;q=0.8',
  'cookie' => 'thinkphp_show_page_trace=0|0; thinkphp_show_page_trace=0|0; PHPSESSID=cnhar1lok509egse651kfvlc1b',
)
[ info ] [ PARAM ] array (
  'id' => '1',
)
[ info ] [ SESSION ] INIT array (
  'id' => '',
  'var_session_id' => '',
  'prefix' => 'think',
  'type' => '',
  'auto_start' => true,
)
[ info ] [ RUN ] app\admin\controller\Index->userform[ C:\xampp\htdocs\blog\application\admin\controller\Index.php ]
[ info ] [ VIEW ] C:\xampp\htdocs\blog\public/../application/admin\view\index\userform.html [ array (
) ]
[ info ] [ LOG ] INIT File
---------------------------------------------------------------
[ 2019-06-26T23:52:06+08:00 ] 127.0.0.1 GET 127.0.0.1/blog/public/admin/index/get_user_list_id.html?id=1
[运行时间：0.049225s] [吞吐率：20.31req/s] [内存消耗：2,063.89kb] [文件加载：39]
[ info ] [ LANG ] C:\xampp\htdocs\blog\thinkphp\lang\zh-cn.php
[ info ] [ ROUTE ] array (
  'type' => 'module',
  'module' => 
  array (
    0 => 'admin',
    1 => 'index',
    2 => 'get_user_list_id',
  ),
)
[ info ] [ HEADER ] array (
  'host' => '127.0.0.1',
  'connection' => 'keep-alive',
  'accept' => '*/*',
  'x-requested-with' => 'XMLHttpRequest',
  'user-agent' => 'Mozilla/5.0 (Windows NT 10.0; Win64; x64) AppleWebKit/537.36 (KHTML, like Gecko) Chrome/75.0.3770.80 Safari/537.36',
  'referer' => 'http://127.0.0.1/blog/public/admin/index/userform?id=1',
  'accept-encoding' => 'gzip, deflate, br',
  'accept-language' => 'zh-CN,zh;q=0.9,en;q=0.8',
  'cookie' => 'thinkphp_show_page_trace=0|0; thinkphp_show_page_trace=0|0; PHPSESSID=cnhar1lok509egse651kfvlc1b',
)
[ info ] [ PARAM ] array (
  'id' => '1',
)
[ info ] [ SESSION ] INIT array (
  'id' => '',
  'var_session_id' => '',
  'prefix' => 'think',
  'type' => '',
  'auto_start' => true,
)
[ info ] [ RUN ] app\admin\controller\Index->get_user_list_id[ C:\xampp\htdocs\blog\application\admin\controller\Index.php ]
[ info ] [ DB ] INIT mysql
[ info ] [ LOG ] INIT File
[ sql ] [ DB ] CONNECT:[ UseTime:0.001818s ] mysql:host=127.0.0.1;port=3306;dbname=blog;charset=utf8
[ sql ] [ SQL ] SHOW COLUMNS FROM `user_web` [ RunTime:0.009083s ]
[ sql ] [ SQL ] SELECT `username`,`avatar`,`phone`,`email`,`jointime`,`sex` FROM `user_web` WHERE  `id` = 1 LIMIT 1 [ RunTime:0.000456s ]
---------------------------------------------------------------
[ 2019-06-26T23:52:10+08:00 ] 127.0.0.1 GET 127.0.0.1/blog/public/admin/index/website.html
[运行时间：0.037868s] [吞吐率：26.41req/s] [内存消耗：1,604.61kb] [文件加载：42]
[ info ] [ LANG ] C:\xampp\htdocs\blog\thinkphp\lang\zh-cn.php
[ info ] [ ROUTE ] array (
  'type' => 'module',
  'module' => 
  array (
    0 => 'admin',
    1 => 'index',
    2 => 'website',
  ),
)
[ info ] [ HEADER ] array (
  'host' => '127.0.0.1',
  'connection' => 'keep-alive',
  'upgrade-insecure-requests' => '1',
  'user-agent' => 'Mozilla/5.0 (Windows NT 10.0; Win64; x64) AppleWebKit/537.36 (KHTML, like Gecko) Chrome/75.0.3770.80 Safari/537.36',
  'accept' => 'text/html,application/xhtml+xml,application/xml;q=0.9,image/webp,image/apng,*/*;q=0.8,application/signed-exchange;v=b3',
  'referer' => 'http://127.0.0.1/blog/public/admin/index/index.html',
  'accept-encoding' => 'gzip, deflate, br',
  'accept-language' => 'zh-CN,zh;q=0.9,en;q=0.8',
  'cookie' => 'thinkphp_show_page_trace=0|0; thinkphp_show_page_trace=0|0; PHPSESSID=cnhar1lok509egse651kfvlc1b',
)
[ info ] [ PARAM ] array (
)
[ info ] [ SESSION ] INIT array (
  'id' => '',
  'var_session_id' => '',
  'prefix' => 'think',
  'type' => '',
  'auto_start' => true,
)
[ info ] [ RUN ] app\admin\controller\Index->website[ C:\xampp\htdocs\blog\application\admin\controller\Index.php ]
[ info ] [ VIEW ] C:\xampp\htdocs\blog\public/../application/admin\view\index\website.html [ array (
) ]
[ info ] [ LOG ] INIT File
---------------------------------------------------------------
[ 2019-06-26T23:52:10+08:00 ] 127.0.0.1 GET 127.0.0.1/blog/public/admin/index/get_website.html?id=1
[运行时间：0.055663s] [吞吐率：17.97req/s] [内存消耗：2,063.27kb] [文件加载：39]
[ info ] [ LANG ] C:\xampp\htdocs\blog\thinkphp\lang\zh-cn.php
[ info ] [ ROUTE ] array (
  'type' => 'module',
  'module' => 
  array (
    0 => 'admin',
    1 => 'index',
    2 => 'get_website',
  ),
)
[ info ] [ HEADER ] array (
  'host' => '127.0.0.1',
  'connection' => 'keep-alive',
  'accept' => '*/*',
  'x-requested-with' => 'XMLHttpRequest',
  'user-agent' => 'Mozilla/5.0 (Windows NT 10.0; Win64; x64) AppleWebKit/537.36 (KHTML, like Gecko) Chrome/75.0.3770.80 Safari/537.36',
  'referer' => 'http://127.0.0.1/blog/public/admin/index/website.html',
  'accept-encoding' => 'gzip, deflate, br',
  'accept-language' => 'zh-CN,zh;q=0.9,en;q=0.8',
  'cookie' => 'thinkphp_show_page_trace=0|0; thinkphp_show_page_trace=0|0; PHPSESSID=cnhar1lok509egse651kfvlc1b',
)
[ info ] [ PARAM ] array (
  'id' => '1',
)
[ info ] [ SESSION ] INIT array (
  'id' => '',
  'var_session_id' => '',
  'prefix' => 'think',
  'type' => '',
  'auto_start' => true,
)
[ info ] [ RUN ] app\admin\controller\Index->get_website[ C:\xampp\htdocs\blog\application\admin\controller\Index.php ]
[ info ] [ DB ] INIT mysql
[ info ] [ LOG ] INIT File
[ sql ] [ DB ] CONNECT:[ UseTime:0.003373s ] mysql:host=127.0.0.1;port=3306;dbname=blog;charset=utf8
[ sql ] [ SQL ] SHOW COLUMNS FROM `website` [ RunTime:0.016196s ]
[ sql ] [ SQL ] SELECT * FROM `website` WHERE  `id` = 1 LIMIT 1 [ RunTime:0.000467s ]
---------------------------------------------------------------
[ 2019-06-26T23:52:12+08:00 ] 127.0.0.1 GET 127.0.0.1/blog/public/admin/index/info.html
[运行时间：0.035090s] [吞吐率：28.50req/s] [内存消耗：1,606.08kb] [文件加载：42]
[ info ] [ LANG ] C:\xampp\htdocs\blog\thinkphp\lang\zh-cn.php
[ info ] [ ROUTE ] array (
  'type' => 'module',
  'module' => 
  array (
    0 => 'admin',
    1 => 'index',
    2 => 'info',
  ),
)
[ info ] [ HEADER ] array (
  'host' => '127.0.0.1',
  'connection' => 'keep-alive',
  'upgrade-insecure-requests' => '1',
  'user-agent' => 'Mozilla/5.0 (Windows NT 10.0; Win64; x64) AppleWebKit/537.36 (KHTML, like Gecko) Chrome/75.0.3770.80 Safari/537.36',
  'accept' => 'text/html,application/xhtml+xml,application/xml;q=0.9,image/webp,image/apng,*/*;q=0.8,application/signed-exchange;v=b3',
  'referer' => 'http://127.0.0.1/blog/public/admin/index/index.html',
  'accept-encoding' => 'gzip, deflate, br',
  'accept-language' => 'zh-CN,zh;q=0.9,en;q=0.8',
  'cookie' => 'thinkphp_show_page_trace=0|0; thinkphp_show_page_trace=0|0; PHPSESSID=cnhar1lok509egse651kfvlc1b',
)
[ info ] [ PARAM ] array (
)
[ info ] [ SESSION ] INIT array (
  'id' => '',
  'var_session_id' => '',
  'prefix' => 'think',
  'type' => '',
  'auto_start' => true,
)
[ info ] [ RUN ] app\admin\controller\Index->info[ C:\xampp\htdocs\blog\application\admin\controller\Index.php ]
[ info ] [ VIEW ] C:\xampp\htdocs\blog\public/../application/admin\view\index\info.html [ array (
) ]
[ info ] [ LOG ] INIT File
---------------------------------------------------------------
[ 2019-06-26T23:52:12+08:00 ] 127.0.0.1 GET 127.0.0.1/blog/public/admin/index/get_info.html?id=1
[运行时间：0.048813s] [吞吐率：20.49req/s] [内存消耗：2,064.73kb] [文件加载：39]
[ info ] [ LANG ] C:\xampp\htdocs\blog\thinkphp\lang\zh-cn.php
[ info ] [ ROUTE ] array (
  'type' => 'module',
  'module' => 
  array (
    0 => 'admin',
    1 => 'index',
    2 => 'get_info',
  ),
)
[ info ] [ HEADER ] array (
  'host' => '127.0.0.1',
  'connection' => 'keep-alive',
  'accept' => '*/*',
  'x-requested-with' => 'XMLHttpRequest',
  'user-agent' => 'Mozilla/5.0 (Windows NT 10.0; Win64; x64) AppleWebKit/537.36 (KHTML, like Gecko) Chrome/75.0.3770.80 Safari/537.36',
  'referer' => 'http://127.0.0.1/blog/public/admin/index/info.html',
  'accept-encoding' => 'gzip, deflate, br',
  'accept-language' => 'zh-CN,zh;q=0.9,en;q=0.8',
  'cookie' => 'thinkphp_show_page_trace=0|0; thinkphp_show_page_trace=0|0; PHPSESSID=cnhar1lok509egse651kfvlc1b',
)
[ info ] [ PARAM ] array (
  'id' => '1',
)
[ info ] [ SESSION ] INIT array (
  'id' => '',
  'var_session_id' => '',
  'prefix' => 'think',
  'type' => '',
  'auto_start' => true,
)
[ info ] [ RUN ] app\admin\controller\Index->get_info[ C:\xampp\htdocs\blog\application\admin\controller\Index.php ]
[ info ] [ DB ] INIT mysql
[ info ] [ LOG ] INIT File
[ sql ] [ DB ] CONNECT:[ UseTime:0.000805s ] mysql:host=127.0.0.1;port=3306;dbname=blog;charset=utf8
[ sql ] [ SQL ] SHOW COLUMNS FROM `user_admin` [ RunTime:0.011465s ]
[ sql ] [ SQL ] SELECT `username`,`loginname`,`phone`,`avatar`,`email`,`sex` FROM `user_admin` WHERE  `id` = 1 LIMIT 1 [ RunTime:0.000636s ]
